Android-App-Developer/Popular-Movies/app/build/intermediates/manifest_merge_blame_file/devDebug/manifest-merger-blame-dev-debug-report.txt
1<?xml version="1.0" encoding="utf-8"?>
2<manifest xmlns:android="http://schemas.android.com/apk/res/android"
3    package="com.example.Quan_Le.popular_movies_android_app.dev"
4    android:versionCode="1"
5    android:versionName="0.0.1" >
6
7    <uses-sdk
8        android:minSdkVersion="23"
8-->src/main/AndroidManifest.xml
9        android:targetSdkVersion="29" />
9-->src/main/AndroidManifest.xml
10
11    <uses-permission android:name="android.permission.ACCESS_NETWORK_STATE" />
11-->src/main/AndroidManifest.xml:5:5-79
11-->src/main/AndroidManifest.xml:5:22-76
12    <uses-permission android:name="android.permission.INTERNET" />
12-->src/main/AndroidManifest.xml:6:5-67
12-->src/main/AndroidManifest.xml:6:22-64
13
14    <application
14-->src/main/AndroidManifest.xml:8:5-23:19
15        android:allowBackup="true"
15-->src/main/AndroidManifest.xml:9:9-35
16        android:appComponentFactory="android.support.v4.app.CoreComponentFactory"
16-->[com.android.support:support-compat:28.0.0] AndroidManifest.xml:22:18-91
17        android:debuggable="true"
18        android:extractNativeLibs="false"
19        android:icon="@mipmap/ic_launcher"
19-->src/main/AndroidManifest.xml:10:9-43
20        android:label="@string/app_name"
20-->src/main/AndroidManifest.xml:11:9-41
21        android:roundIcon="@mipmap/ic_launcher_round"
21-->src/main/AndroidManifest.xml:12:9-54
22        android:supportsRtl="true"
22-->src/main/AndroidManifest.xml:13:9-35
23        android:testOnly="true"
24        android:theme="@style/AppTheme" >
24-->src/main/AndroidManifest.xml:14:9-40
25        <activity android:name="com.example.Quan_Le.popular_movies_android_app.MainActivity" >
25-->src/main/AndroidManifest.xml:15:9-21:20
25-->src/main/AndroidManifest.xml:15:19-93
26            <intent-filter>
26-->src/main/AndroidManifest.xml:16:13-20:29
27                <action android:name="android.intent.action.MAIN" />
27-->src/main/AndroidManifest.xml:17:17-69
27-->src/main/AndroidManifest.xml:17:25-66
28
29                <category android:name="android.intent.category.LAUNCHER" />
29-->src/main/AndroidManifest.xml:19:17-77
29-->src/main/AndroidManifest.xml:19:27-74
30            </intent-filter>
31        </activity>
32        <activity android:name="com.example.Quan_Le.popular_movies_android_app.DetailsActivity" />
32-->src/main/AndroidManifest.xml:22:9-99
32-->src/main/AndroidManifest.xml:22:19-96
33
34        <provider
34-->[com.squareup.picasso:picasso:2.71828] AndroidManifest.xml:8:9-11:40
35            android:name="com.squareup.picasso.PicassoProvider"
35-->[com.squareup.picasso:picasso:2.71828] AndroidManifest.xml:9:13-64
36            android:authorities="com.example.Quan_Le.popular_movies_android_app.dev.com.squareup.picasso"
36-->[com.squareup.picasso:picasso:2.71828] AndroidManifest.xml:10:13-72
37            android:exported="false" />
37-->[com.squareup.picasso:picasso:2.71828] AndroidManifest.xml:11:13-37
38    </application>
39
40</manifest>